[    0.000000] Initializing cgroup subsys cpuset
[    0.000000] Initializing cgroup subsys cpu
[    0.000000] Initializing cgroup subsys cpuacct
[    0.000000] Linux version 4.4.0-127-generic (buildd@lcy01-amd64-023) (gcc version 5.4.0 20160609 (Ubuntu 5.4.0-6ubuntu1~16.04.9) ) #153-Ubuntu SMP Sat May 19 10:58:46 UTC 2018 (Ubuntu 4.4.0-127.153-generic 4.4.128)
[    0.000000] Command line: BOOT_IMAGE=/boot/vmlinuz-4.4.0-127-generic root=LABEL=cloudimg-rootfs ro console=tty1 console=ttyS0
[    0.000000] KERNEL supported cpus:
[    0.000000]   Intel GenuineIntel
[    0.000000]   AMD AuthenticAMD
[    0.000000]   Centaur CentaurHauls
[    0.000000] x86/fpu: Legacy x87 FPU detected.
[    0.000000] x86/fpu: Using 'lazy' FPU context switches.
[    0.000000] e820: BIOS-provided physical RAM map:
[    0.000000] BIOS-e820: [mem 0x0000000000000000-0x000000000009fbff] usable
[    0.000000] BIOS-e820: [mem 0x000000000009fc00-0x000000000009ffff] reserved
[    0.000000] BIOS-e820: [mem 0x00000000000f0000-0x00000000000fffff] reserved
[    0.000000] BIOS-e820: [mem 0x0000000000100000-0x000000003ffeffff] usable
[    0.000000] BIOS-e820: [mem 0x000000003fff0000-0x000000003fffffff] ACPI data
[    0.000000] BIOS-e820: [mem 0x00000000fec00000-0x00000000fec00fff] reserved
[    0.000000] BIOS-e820: [mem 0x00000000fee00000-0x00000000fee00fff] reserved
[    0.000000] BIOS-e820: [mem 0x00000000fffc0000-0x00000000ffffffff] reserved
[    0.000000] NX (Execute Disable) protection: active
[    0.000000] SMBIOS 2.5 present.
[    0.000000] Hypervisor detected: KVM
[    0.000000] e820: last_pfn = 0x3fff0 max_arch_pfn = 0x400000000
[    0.000000] MTRR: Disabled
[    0.000000] x86/PAT: MTRRs disabled, skipping PAT initialization too.
[    0.000000] CPU MTRRs all blank - virtualized system.
[    0.000000] x86/PAT: Configuration [0-7]: WB  WT  UC- UC  WB  WT  UC- UC  
[    0.000000] found SMP MP-table at [mem 0x0009fff0-0x0009ffff] mapped at [ffff88000009fff0]
[    0.000000] Scanning 1 areas for low memory corruption
[    0.000000] RAMDISK: [mem 0x36a96000-0x37542fff]
[    0.000000] ACPI: Early table checksum verification disabled
[    0.000000] ACPI: RSDP 0x00000000000E0000 000024 (v02 VBOX  )
[    0.000000] ACPI: XSDT 0x000000003FFF0030 00003C (v01 VBOX   VBOXXSDT 00000001 ASL  00000061)
[    0.000000] ACPI: FACP 0x000000003FFF00F0 0000F4 (v04 VBOX   VBOXFACP 00000001 ASL  00000061)
[    0.000000] ACPI: DSDT 0x000000003FFF0470 0021FF (v02 VBOX   VBOXBIOS 00000002 INTL 20160108)
[    0.000000] ACPI: FACS 0x000000003FFF0200 000040
[    0.000000] ACPI: FACS 0x000000003FFF0200 000040
[    0.000000] ACPI: APIC 0x000000003FFF0240 00005C (v02 VBOX   VBOXAPIC 00000001 ASL  00000061)
[    0.000000] ACPI: SSDT 0x000000003FFF02A0 0001CC (v01 VBOX   VBOXCPUT 00000002 INTL 20160108)
[    0.000000] No NUMA configuration found
[    0.000000] Faking a node at [mem 0x0000000000000000-0x000000003ffeffff]
[    0.000000] NODE_DATA(0) allocated [mem 0x3ffeb000-0x3ffeffff]
[    0.000000] kvm-clock: Using msrs 4b564d01 and 4b564d00
[    0.000000] kvm-clock: cpu 0, msr 0:3ffe3001, primary cpu clock
[    0.000000] kvm-clock: using sched offset of 5189139524 cycles
[    0.000000] clocksource: kvm-clock: mask: 0xffffffffffffffff max_cycles: 0x1cd42e4dffb, max_idle_ns: 881590591483 ns
[    0.000000] Zone ranges:
[    0.000000]   DMA      [mem 0x0000000000001000-0x0000000000ffffff]
[    0.000000]   DMA32    [mem 0x0000000001000000-0x000000003ffeffff]
[    0.000000]   Normal   empty
[    0.000000]   Device   empty
[    0.000000] Movable zone start for each node
[    0.000000] Early memory node ranges
[    0.000000]   node   0: [mem 0x0000000000001000-0x000000000009efff]
[    0.000000]   node   0: [mem 0x0000000000100000-0x000000003ffeffff]
[    0.000000] Initmem setup node 0 [mem 0x0000000000001000-0x000000003ffeffff]
[    0.000000] ACPI: PM-Timer IO Port: 0x4008
[    0.000000] IOAPIC[0]: apic_id 2, version 32, address 0xfec00000, GSI 0-23
[    0.000000] ACPI: INT_SRC_OVR (bus 0 bus_irq 0 global_irq 2 dfl dfl)
[    0.000000] ACPI: INT_SRC_OVR (bus 0 bus_irq 9 global_irq 9 high level)
[    0.000000] Using ACPI (MADT) for SMP configuration information
[    0.000000] smpboot: Allowing 2 CPUs, 0 hotplug CPUs
[    0.000000] PM: Registered nosave memory: [mem 0x00000000-0x00000fff]
[    0.000000] PM: Registered nosave memory: [mem 0x0009f000-0x0009ffff]
[    0.000000] PM: Registered nosave memory: [mem 0x000a0000-0x000effff]
[    0.000000] PM: Registered nosave memory: [mem 0x000f0000-0x000fffff]
[    0.000000] e820: [mem 0x40000000-0xfebfffff] available for PCI devices
[    0.000000] Booting paravirtualized kernel on KVM
[    0.000000] clocksource: refined-jiffies: mask: 0xffffffff max_cycles: 0xffffffff, max_idle_ns: 7645519600211568 ns
[    0.000000] setup_percpu: NR_CPUS:512 nr_cpumask_bits:512 nr_cpu_ids:2 nr_node_ids:1
[    0.000000] PERCPU: Embedded 34 pages/cpu @ffff88003fc00000 s99544 r8192 d31528 u1048576
[    0.000000] PV qspinlock hash table entries: 256 (order: 0, 4096 bytes)
[    0.000000] Built 1 zonelists in Node order, mobility grouping on.  Total pages: 257912
[    0.000000] Policy zone: DMA32
[    0.000000] Kernel command line: BOOT_IMAGE=/boot/vmlinuz-4.4.0-127-generic root=LABEL=cloudimg-rootfs ro console=tty1 console=ttyS0
[    0.000000] PID hash table entries: 4096 (order: 3, 32768 bytes)
[    0.000000] Memory: 1001588K/1048120K available (8537K kernel code, 1313K rwdata, 4000K rodata, 1512K init, 1316K bss, 46532K reserved, 0K cma-reserved)
[    0.000000] SLUB: HWalign=64, Order=0-3, MinObjects=0, CPUs=2, Nodes=1
[    0.000000] Kernel/User page tables isolation: enabled
[    0.000000] Hierarchical RCU implementation.
[    0.000000] 	Build-time adjustment of leaf fanout to 64.
[    0.000000] 	RCU restricting CPUs from NR_CPUS=512 to nr_cpu_ids=2.
[    0.000000] RCU: Adjusting geometry for rcu_fanout_leaf=64, nr_cpu_ids=2
[    0.000000] NR_IRQS:33024 nr_irqs:440 16
[    0.000000] Console: colour VGA+ 80x25
[    0.000000] console [tty1] enabled
[    0.000000] console [ttyS0] enabled
[    0.000000] tsc: Detected 2792.998 MHz processor
[    0.905326] Calibrating delay loop (skipped) preset value.. 5585.99 BogoMIPS (lpj=11171992)
[    0.911380] pid_max: default: 32768 minimum: 301
[    0.914565] ACPI: Core revision 20150930
[    0.919144] ACPI: 2 ACPI AML tables successfully acquired and loaded
[    0.929065] Security Framework initialized
[    0.938403] Yama: becoming mindful.
[    0.946388] AppArmor: AppArmor initialized
[    0.949566] Dentry cache hash table entries: 131072 (order: 8, 1048576 bytes)
[    0.957422] Inode-cache hash table entries: 65536 (order: 7, 524288 bytes)
[    0.964406] Mount-cache hash table entries: 2048 (order: 2, 16384 bytes)
[    0.969617] Mountpoint-cache hash table entries: 2048 (order: 2, 16384 bytes)
[    0.975248] Initializing cgroup subsys io
[    0.980175] Initializing cgroup subsys memory
[    0.983280] Initializing cgroup subsys devices
[    0.992816] Initializing cgroup subsys freezer
[    0.995929] Initializing cgroup subsys net_cls
[    0.999041] Initializing cgroup subsys perf_event
[    1.002271] Initializing cgroup subsys net_prio
[    1.010744] Initializing cgroup subsys hugetlb
[    1.016245] Initializing cgroup subsys pids
[    1.019576] CPU: Physical Processor ID: 0
[    1.022476] CPU: Processor Core ID: 0
[    1.025270] mce: CPU supports 0 MCE banks
[    1.033604] Last level iTLB entries: 4KB 128, 2MB 4, 4MB 4
[    1.037188] Last level dTLB entries: 4KB 256, 2MB 0, 4MB 32, 1GB 0
[    1.046391] Spectre V2 : Mitigation: Full generic retpoline
[    1.049965] Spectre V2 : Speculation control IBPB not-supported IBRS not-supported
[    1.059661] Speculative Store Bypass: Vulnerable
[    1.076706] Freeing SMP alternatives memory: 32K
[    1.131808] ftrace: allocating 32237 entries in 126 pages
[    1.372302] smpboot: APIC(0) Converting physical 0 to logical package 0
[    1.381695] smpboot: Max logical packages: 1
[    1.391057] x2apic enabled
[    1.399864] Switched APIC routing to physical x2apic.
[    1.408081] ..TIMER: vector=0x30 apic1=0 pin1=2 apic2=-1 pin2=-1
[    1.526374] smpboot: CPU0: Intel Pentium(R) Dual-Core  CPU      E5500  @ 2.80GHz (family: 0x6, model: 0x17, stepping: 0xa)
[    1.551285] Performance Events: unsupported p6 CPU model 23 no PMU driver, software events only.
[    1.563179] KVM setup paravirtual spinlock
[    1.568724] x86: Booting SMP configuration:
[    1.577029] .... node  #0, CPUs:      #1
[    1.586372] kvm-clock: cpu 1, msr 0:3ffe3041, secondary cpu clock
[    1.611980] mce: CPU supports 0 MCE banks
[    1.622119] x86: Booted up 1 node, 2 CPUs
[    1.643853] smpboot: Total of 2 processors activated (11171.99 BogoMIPS)
[    1.649226] devtmpfs: initialized
[    1.656191] evm: security.selinux
[    1.660038] evm: security.SMACK64
[    1.665069] evm: security.SMACK64EXEC
[    1.670511] evm: security.SMACK64TRANSMUTE
[    1.674241] evm: security.SMACK64MMAP
[    1.677695] evm: security.ima
[    1.680587] evm: security.capability
[    1.684195] clocksource: jiffies: mask: 0xffffffff max_cycles: 0xffffffff, max_idle_ns: 7645041785100000 ns
[    1.692109] futex hash table entries: 512 (order: 3, 32768 bytes)
[    1.697344] pinctrl core: initialized pinctrl subsystem
[    1.703943] RTC time:  4:35:38, date: 06/01/18
[    1.712694] NET: Registered protocol family 16
[    1.726846] cpuidle: using governor ladder
[    1.742357] cpuidle: using governor menu
[    1.748271] PCCT header not found.
[    1.751533] ACPI: bus type PCI registered
[    1.755652] acpiphp: ACPI Hot Plug PCI Controller Driver version: 0.5
[    1.762513] PCI: Using configuration type 1 for base access
[    1.780366] ACPI: Added _OSI(Module Device)
[    1.786400] ACPI: Added _OSI(Processor Device)
[    1.798040] ACPI: Added _OSI(3.0 _SCP Extensions)
[    1.801360] ACPI: Added _OSI(Processor Aggregator Device)
[    1.811256] ACPI: Executed 1 blocks of module-level executable AML code
[    1.820086] ACPI: Interpreter enabled
[    1.827326] ACPI: (supports S0 S5)
[    1.831020] ACPI: Using IOAPIC for interrupt routing
[    1.839968] PCI: Using host bridge windows from ACPI; if necessary, use "pci=nocrs" and report a bug
[    1.859379] ACPI: PCI Root Bridge [PCI0] (domain 0000 [bus 00-ff])
[    1.864254] acpi PNP0A03:00: _OSC: OS supports [ASPM ClockPM Segments MSI]
[    1.881390] acpi PNP0A03:00: _OSC: not requesting OS control; OS requires [ExtendedConfig ASPM ClockPM MSI]
[    1.898097] acpi PNP0A03:00: fail to add MMCONFIG information, can't access extended PCI configuration space under this bridge.
[    1.910957] PCI host bridge to bus 0000:00
[    1.931783] pci_bus 0000:00: root bus resource [io  0x0000-0x0cf7 window]
[    1.951670] pci_bus 0000:00: root bus resource [io  0x0d00-0xffff window]
[    1.961042] pci_bus 0000:00: root bus resource [mem 0x000a0000-0x000bffff window]
[    1.982030] pci_bus 0000:00: root bus resource [mem 0x40000000-0xffdfffff window]
[    1.992597] pci_bus 0000:00: root bus resource [bus 00-ff]
[    2.008846] pci 0000:00:01.1: legacy IDE quirk: reg 0x10: [io  0x01f0-0x01f7]
[    2.013088] pci 0000:00:01.1: legacy IDE quirk: reg 0x14: [io  0x03f6]
[    2.025457] pci 0000:00:01.1: legacy IDE quirk: reg 0x18: [io  0x0170-0x0177]
[    2.029652] pci 0000:00:01.1: legacy IDE quirk: reg 0x1c: [io  0x0376]
[    2.123690] pci 0000:00:07.0: quirk: [io  0x4000-0x403f] claimed by PIIX4 ACPI
[    2.131615] pci 0000:00:07.0: quirk: [io  0x4100-0x410f] claimed by PIIX4 SMB
[    2.167251] ACPI: PCI Interrupt Link [LNKA] (IRQs 5 9 10 *11)
[    2.175659] ACPI: PCI Interrupt Link [LNKB] (IRQs 5 9 10 *11)
[    2.224905] ACPI: PCI Interrupt Link [LNKC] (IRQs 5 9 *10 11)
[    2.231641] ACPI: PCI Interrupt Link [LNKD] (IRQs 5 *9 10 11)
[    2.237420] ACPI: Enabled 2 GPEs in block 00 to 07
[    2.243194] vgaarb: setting as boot device: PCI:0000:00:02.0
[    2.248805] vgaarb: device added: PCI:0000:00:02.0,decodes=io+mem,owns=io+mem,locks=none
[    2.260887] vgaarb: loaded
[    2.263279] vgaarb: bridge control possible 0000:00:02.0
[    2.267887] SCSI subsystem initialized
[    2.271669] ACPI: bus type USB registered
[    2.274812] usbcore: registered new interface driver usbfs
[    2.279914] usbcore: registered new interface driver hub
[    2.293925] usbcore: registered new device driver usb
[    2.300514] PCI: Using ACPI for IRQ routing
[    2.306115] NetLabel: Initializing
[    2.315354] NetLabel:  domain hash size = 128
[    2.328816] NetLabel:  protocols = UNLABELED CIPSOv4
[    2.333480] NetLabel:  unlabeled traffic allowed by default
[    2.352507] amd_nb: Cannot enumerate AMD northbridges
[    2.361167] clocksource: Switched to clocksource kvm-clock
[    2.391735] AppArmor: AppArmor Filesystem Enabled
[    2.423628] pnp: PnP ACPI init
[    2.429492] pnp: PnP ACPI: found 3 devices
[    2.449948] clocksource: acpi_pm: mask: 0xffffff max_cycles: 0xffffff, max_idle_ns: 2085701024 ns
[    2.457628] NET: Registered protocol family 2
[    2.462225] TCP established hash table entries: 8192 (order: 4, 65536 bytes)
[    2.466896] TCP bind hash table entries: 8192 (order: 5, 131072 bytes)
[    2.471304] TCP: Hash tables configured (established 8192 bind 8192)
[    2.475630] UDP hash table entries: 512 (order: 2, 16384 bytes)
[    2.479792] UDP-Lite hash table entries: 512 (order: 2, 16384 bytes)
[    2.485340] NET: Registered protocol family 1
[    2.488772] pci 0000:00:00.0: Limiting direct PCI/PCI transfers
[    2.492845] pci 0000:00:01.0: Activating ISA DMA hang workarounds
[    2.497524] Unpacking initramfs...
[    4.902980] Freeing initrd memory: 10932K
[    4.929397] platform rtc_cmos: registered platform RTC device (no PNP device found)
[    4.936422] Scanning for low memory corruption every 60 seconds
[    4.941050] audit: initializing netlink subsys (disabled)
[    4.944888] audit: type=2000 audit(1527827747.242:1): initialized
[    4.949613] Initialise system trusted keyring
[    4.953379] HugeTLB registered 2 MB page size, pre-allocated 0 pages
[    4.972381] zbud: loaded
[    4.975570] VFS: Disk quotas dquot_6.6.0
[    4.978844] VFS: Dquot-cache hash table entries: 512 (order 0, 4096 bytes)
[    4.983808] squashfs: version 4.0 (2009/01/31) Phillip Lougher
[    4.988690] fuse init (API version 7.23)
[    4.992203] Key type big_key registered
[    4.995363] Allocating IMA MOK and blacklist keyrings.
[    5.003628] Key type asymmetric registered
[    5.006982] Asymmetric key parser 'x509' registered
[    5.076241] Block layer SCSI generic (bsg) driver version 0.4 loaded (major 249)
[    5.132084] io scheduler noop registered
[    5.204642] io scheduler deadline registered (default)
[    5.208612] io scheduler cfq registered
[    5.212051] pci_hotplug: PCI Hot Plug PCI Core version: 0.5
[    5.239226] pciehp: PCI Express Hot Plug Controller Driver version: 0.4
[    5.243888] ACPI: AC Adapter [AC] (on-line)
[    5.247292] input: Power Button as /devices/LNXSYSTM:00/LNXPWRBN:00/input/input0
[    5.270006] ACPI: Power Button [PWRF]
[    5.277365] input: Sleep Button as /devices/LNXSYSTM:00/LNXSLPBN:00/input/input1
[    5.283110] ACPI: Sleep Button [SLPF]
[    5.286813] GHES: HEST is not enabled!
[    5.299585] Serial: 8250/16550 driver, 32 ports, IRQ sharing enabled
[    5.339705] 00:02: ttyS0 at I/O 0x3f8 (irq = 4, base_baud = 115200) is a 16550A
[    5.372574] Linux agpgart interface v0.103
[    5.379344] loop: module loaded
[    5.386718] scsi host0: ata_piix
[    5.398992] scsi host1: ata_piix
[    5.432567] ata1: PATA max UDMA/33 cmd 0x1f0 ctl 0x3f6 bmdma 0xd000 irq 14
[    5.449919] ata2: PATA max UDMA/33 cmd 0x170 ctl 0x376 bmdma 0xd008 irq 15
[    5.454544] libphy: Fixed MDIO Bus: probed
[    5.479428] tun: Universal TUN/TAP device driver, 1.6
[    5.482970] tun: (C) 1999-2004 Max Krasnyansky <maxk@qualcomm.com>
[    5.487166] PPP generic driver version 2.4.2
[    5.490533] ehci_hcd: USB 2.0 'Enhanced' Host Controller (EHCI) Driver
[    5.494765] ehci-pci: EHCI PCI platform driver
[    5.497976] ehci-platform: EHCI generic platform driver
[    5.501652] ohci_hcd: USB 1.1 'Open' Host Controller (OHCI) Driver
[    5.505591] ohci-pci: OHCI PCI platform driver
[    5.508853] ohci-platform: OHCI generic platform driver
[    5.512486] uhci_hcd: USB Universal Host Controller Interface driver
[    5.516760] i8042: PNP: PS/2 Controller [PNP0303:PS2K,PNP0f03:PS2M] at 0x60,0x64 irq 1,12
[    5.555745] serio: i8042 KBD port at 0x60,0x64 irq 1
[    5.559274] serio: i8042 AUX port at 0x60,0x64 irq 12
[    5.563069] mousedev: PS/2 mouse device common for all mice
[    5.591170] rtc_cmos rtc_cmos: rtc core: registered rtc_cmos as rtc0
[    5.600757] input: AT Translated Set 2 keyboard as /devices/platform/i8042/serio0/input/input2
[    5.790930] rtc_cmos rtc_cmos: alarms up to one day, 114 bytes nvram
[    5.795322] i2c /dev entries driver
[    5.798247] device-mapper: uevent: version 1.0.3
[    5.838894] device-mapper: ioctl: 4.34.0-ioctl (2015-10-28) initialised: dm-devel@redhat.com
[    5.845016] ledtrig-cpu: registered to indicate activity on CPUs
[    5.881837] NET: Registered protocol family 10
[    5.913669] NET: Registered protocol family 17
[    5.917232] Key type dns_resolver registered
[    5.929572] registered taskstats version 1
[    5.932884] Loading compiled-in X.509 certificates
[    5.937668] Loaded X.509 cert 'Build time autogenerated kernel key: 9f6f572a3ee0cb468eb8db4aa61815bc74ef6adb'
[    5.950376] zswap: loaded using pool lzo/zbud
[    5.990504] Key type trusted registered
[    6.070775] Key type encrypted registered
[    6.081483] AppArmor: AppArmor sha1 policy hashing enabled
[    6.085354] ima: No TPM chip found, activating TPM-bypass!
[    6.094135] evm: HMAC attrs: 0x1
[    6.097894]   Magic number: 6:524:564
[    6.117237] rtc_cmos rtc_cmos: setting system clock to 2018-06-01 04:35:43 UTC (1527827743)
[    6.139225] BIOS EDD facility v0.16 2004-Jun-25, 0 devices found
[    6.176547] EDD information not available.
[    6.229304] Freeing unused kernel memory: 1512K
[    6.239838] Write protecting the kernel read-only data: 14336k
[    6.273101] Freeing unused kernel memory: 1692K
[    6.290477] Freeing unused kernel memory: 96K
Loading, please wait...
starting version 229
[    6.684963] random: systemd-udevd: uninitialized urandom read (16 bytes read, 4 bits of entropy available)
[    6.696199] random: systemd-udevd: uninitialized urandom read (16 bytes read, 4 bits of entropy available)
[    6.709029] random: udevadm: uninitialized urandom read (16 bytes read, 4 bits of entropy available)
[    6.709284] random: systemd-udevd: uninitialized urandom read (16 bytes read, 4 bits of entropy available)
[    6.709442] random: systemd-udevd: uninitialized urandom read (16 bytes read, 4 bits of entropy available)
[    6.741359] random: udevadm: uninitialized urandom read (16 bytes read, 4 bits of entropy available)
[    6.876106] random: systemd-udevd: uninitialized urandom read (16 bytes read, 4 bits of entropy available)
[    6.885967] random: systemd-udevd: uninitialized urandom read (16 bytes read, 4 bits of entropy available)
[    6.894421] random: systemd-udevd: uninitialized urandom read (16 bytes read, 4 bits of entropy available)
[    6.911047] random: systemd-udevd: uninitialized urandom read (16 bytes read, 4 bits of entropy available)
[    7.613636] e1000: Intel(R) PRO/1000 Network Driver - version 7.3.21-k8-NAPI
[    7.630487] e1000: Copyright (c) 1999-2006 Intel Corporation.
[    7.709421] Fusion MPT base driver 3.04.20
[    7.713351] Copyright (c) 1999-2008 LSI Corporation
[    7.961829] input: ImExPS/2 Generic Explorer Mouse as /devices/platform/i8042/serio1/input/input4
[    8.010379] Fusion MPT SPI Host driver 3.04.20
[    8.457905] e1000 0000:00:03.0 eth0: (PCI:33MHz:32-bit) 02:f0:aa:2d:49:f4
[    8.479271] e1000 0000:00:03.0 eth0: Intel(R) PRO/1000 Network Connection
[    8.497351] mptbase: ioc0: Initiating bringup
[    8.504302] e1000 0000:00:03.0 enp0s3: renamed from eth0
[    8.575540] ioc0: LSI53C1030 A0: Capabilities={Initiator}
[    8.779807] scsi host2: ioc0: LSI53C1030 A0, FwRev=00000000h, Ports=1, MaxQ=256, IRQ=20
[    8.921626] scsi 2:0:0:0: Direct-Access     VBOX     HARDDISK         1.0  PQ: 0 ANSI: 5
[    8.936414] scsi target2:0:0: Beginning Domain Validation
[    8.942126] scsi target2:0:0: Domain Validation skipping write tests
[    8.946084] scsi target2:0:0: Ending Domain Validation
[    8.949585] scsi target2:0:0: asynchronous
[    8.953586] scsi 2:0:1:0: Direct-Access     VBOX     HARDDISK         1.0  PQ: 0 ANSI: 5
[    8.959243] scsi target2:0:1: Beginning Domain Validation
[    8.964871] scsi target2:0:1: Domain Validation skipping write tests
[    8.968801] scsi target2:0:1: Ending Domain Validation
[    8.972337] scsi target2:0:1: asynchronous
[    8.990178] sd 2:0:0:0: Attached scsi generic sg0 type 0
[    8.990193] sd 2:0:0:0: [sda] 20971520 512-byte logical blocks: (10.7 GB/10.0 GiB)
[    9.006165] sd 2:0:0:0: [sda] Write Protect is off
[    9.009821] sd 2:0:0:0: [sda] Incomplete mode parameter data
[    9.014102] sd 2:0:0:0: [sda] Assuming drive cache: write through
[    9.015188] sd 2:0:1:0: [sdb] 20480 512-byte logical blocks: (10.5 MB/10.0 MiB)
[    9.015493] sd 2:0:1:0: [sdb] Write Protect is off
[    9.015699] sd 2:0:1:0: [sdb] Incomplete mode parameter data
[    9.015701] sd 2:0:1:0: [sdb] Assuming drive cache: write through
[    9.018737] sd 2:0:1:0: Attached scsi generic sg1 type 0
[    9.047101] sd 2:0:1:0: [sdb] Attached SCSI disk
[    9.156381]  sda: sda1
[    9.164939] sd 2:0:0:0: [sda] Attached SCSI disk
Begin: Loading essential drivers ... [   13.149447] md: linear personality registered for level -1
[   13.207388] md: multipath personality registered for level -4
[   13.274242] md: raid0 personality registered for level 0
[   13.325310] md: raid1 personality registered for level 1
[   13.466739] raid6: sse2x1   gen()  3826 MB/s
[   13.540511] raid6: sse2x1   xor()  3709 MB/s
[   13.624554] raid6: sse2x2   gen()  4145 MB/s
[   13.706578] raid6: sse2x2   xor()  5333 MB/s
[   13.780534] raid6: sse2x4   gen()  7303 MB/s
[   13.860514] raid6: sse2x4   xor()  5481 MB/s
[   13.910025] raid6: using algorithm sse2x4 gen() 7303 MB/s
[   13.934882] raid6: .... xor() 5481 MB/s, rmw enabled
[   13.941464] raid6: using ssse3x2 recovery algorithm
[   13.956366] xor: measuring software checksum speed
[   14.106558]    prefetch64-sse: 22494.000 MB/sec
[   14.184538]    generic_sse: 20322.000 MB/sec
[   14.203038] xor: using function: prefetch64-sse (22494.000 MB/sec)
[   14.218805] async_tx: api initialized (async)
[   14.261163] md: raid6 personality registered for level 6
[   14.266376] md: raid5 personality registered for level 5
[   14.271324] md: raid4 personality registered for level 4
[   14.411013] md: raid10 personality registered for level 10
done.
Begin: Running /scripts/init-premount ... done.
Begin: Mounting root file system ... Begin: Running /scripts/local-top ... done.
Begin: Running /scripts/local-premount ... [   14.770945] Btrfs loaded
Scanning for Btrfs filesystems
done.
Warning: fsck not present, so skipping root file system
[   15.290653] EXT4-fs (sda1): INFO: recovery required on readonly filesystem
[   15.297199] EXT4-fs (sda1): write access will be enabled during recovery
[   15.749149] EXT4-fs (sda1): recovery complete
[   15.771901] EXT4-fs (sda1): mounted filesystem with ordered data mode. Opts: (null)
done.
Begin: Running /scripts/local-bottom ... done.
Begin: Running /scripts/init-bottom ... done.
[   16.636444] random: nonblocking pool is initialized
[   17.183115] systemd[1]: systemd 229 running in system mode. (+PAM +AUDIT +SELINUX +IMA +APPARMOR +SMACK +SYSVINIT +UTMP +LIBCRYPTSETUP +GCRYPT +GNUTLS +ACL +XZ -LZ4 +SECCOMP +BLKID +ELFUTILS +KMOD -IDN)
[   17.223152] systemd[1]: Detected virtualization oracle.
[   17.239224] systemd[1]: Detected architecture x86-64.

Welcome to [1mUbuntu 16.04.4 LTS[0m!

[   17.280037] systemd[1]: Set hostname to <ubuntu-xenial>.
[   19.207728] systemd[1]: Listening on Journal Socket.
[[0;32m  OK  [0m] Listening on Journal Socket.
[   19.273430] systemd[1]: Listening on LVM2 poll daemon socket.
[[0;32m  OK  [0m] Listening on LVM2 poll daemon socket.
[   19.307287] systemd[1]: Started Forward Password Requests to Wall Directory Watch.
[[0;32m  OK  [0m] Started Forward Password Requests to Wall Directory Watch.
[   19.362378] systemd[1]: Reached target Encrypted Volumes.
[[0;32m  OK  [0m] Reached target Encrypted Volumes.
[   19.402547] systemd[1]: Listening on udev Control Socket.
[[0;32m  OK  [0m] Listening on udev Control Socket.
[   19.472563] systemd[1]: Listening on udev Kernel Socket.
[[0;32m  OK  [0m] Listening on udev Kernel Socket.
[   19.529464] systemd[1]: Set up automount Arbitrary Executable File Formats File System Automount Point.
[[0;32m  OK  [0m] Set up automount Arbitrary Executab...ats File System Automount Point.
[   19.625651] systemd[1]: Created slice System Slice.
[[0;32m  OK  [0m] Created slice System Slice.
[   19.732838] systemd[1]: Starting Uncomplicated firewall...
         Starting Uncomplicated firewall...
[   19.774370] systemd[1]: Created slice system-postgresql.slice.
[[0;32m  OK  [0m] Created slice system-postgresql.slice.
[   19.868400] systemd[1]: Starting Set console keymap...
         Starting Set console keymap...
[   19.947025] systemd[1]: Starting Remount Root and Kernel File Systems...
         Starting Remount Root and Kernel File Systems...
[   20.043971] systemd[1]: Starting Load Kernel Modules...
         Starting Load Kernel Modules...
[   20.111051] systemd[1]: Created slice system-serial\x2dgetty.slice.
[[0;32m  OK  [0m] Created slice system-serial\x2dgetty.slice.
[   20.167335] EXT4-fs (sda1): re-mounted. Opts: (null)
[   20.176111] systemd[1]: Starting Create list of required static device nodes for the current kernel...
         Starting Create list of required st... nodes for the current kernel...
[   20.232842] systemd[1]: Starting Nameserver information manager...
         Starting Nameserver information manager...
[   20.307175] Loading iSCSI transport class v2.0-870.
[   20.332242] systemd[1]: Mounting Huge Pages File System...
         Mounting Huge Pages File System...
[   20.394602] systemd[1]: Mounting Debug File System...
         Mounting Debug File System...
[   20.445868] systemd[1]: Listening on Journal Audit Socket.
[[0;32m  OK  [0m] Listening on Journal Audit Socket.
[   20.482722] systemd[1]: Created slice User and Session Slice.
[[0;32m  OK  [0m] Created slice User and Session Slice.
[   20.506772] systemd[1]: Started Trigger resolvconf update for networkd DNS.
[   20.510033] iscsi: registered transport (tcp)
[[0;32m  OK  [0m] Started Trigger resolvconf update for networkd DNS.
[   20.586035] systemd[1]: Mounting POSIX Message Queue File System...
         Mounting POSIX Message Queue File System...
[   20.631981] systemd[1]: Listening on /dev/initctl Compatibility Named Pipe.
[[0;32m  OK  [0m] Listening on /dev/initctl Compatibility Named Pipe.
[   20.660524] systemd[1]: Listening on Device-mapper event daemon FIFOs.
[[0;32m  OK  [0m] Listening on Device-mapper event daemon FIFOs.
[   20.678537] systemd[1]: Listening on Syslog Socket.
[[0;32m  OK  [0m] Listening on Syslog Socket.
[   20.688137] systemd[1]: Listening on LVM2 metadata daemon socket.
[[0;32m  OK  [0m] Listening on LVM2 metadata daemon socket.
[   20.715339] systemd[1]: Reached target System Time Synchronized.
[[0;32m  OK  [0m] Reached target System Time Synchronized.
[   20.731168] systemd[1]: Reached target User and Group Name Lookups.
[[0;32m  OK  [0m] Reached target User and Group Name Lookups.
[   20.747034] systemd[1]: Reached target Swap.
[[0;32m  OK  [0m] Reached target Swap.
[   20.798145] systemd[1]: Reached target Slices.
[[0;32m  OK  [0m] Reached target Slices.
[   20.929348] iscsi: registered transport (iser)
[   20.943898] systemd[1]: Starting Monitoring of LVM2 mirrors, snapshots etc. using dmeventd or progress polling...
         Starting Monitoring of LVM2 mirrors... dmeventd or progress polling...
[   20.991062] systemd[1]: Listening on Journal Socket (/dev/log).
[[0;32m  OK  [0m] Listening on Journal Socket (/dev/log).
[   21.065096] systemd[1]: Starting Journal Service...
         Starting Journal Service...
[   21.172559] systemd[1]: Mounted Huge Pages File System.
[[0;32m  OK  [0m] Mounted Huge Pages File System.
[   21.198862] systemd[1]: Mounted Debug File System.
[[0;32m  OK  [0m] Mounted Debug File System.
[   21.208379] systemd[1]: Mounted POSIX Message Queue File System.
[[0;32m  OK  [0m] Mounted POSIX Message Queue File System.
[   21.231600] systemd[1]: Started Uncomplicated firewall.
[[0;32m  OK  [0m] Started Uncomplicated firewall.
[   21.251858] systemd[1]: Started Remount Root and Kernel File Systems.
[[0;32m  OK  [0m] Started Remount Root and Kernel File Systems.
[   21.274050] systemd[1]: Started Load Kernel Modules.
[[0;32m  OK  [0m] Started Load Kernel Modules.
[   21.290623] systemd[1]: Started Create list of required static device nodes for the current kernel.
[[0;32m  OK  [0m] Started Create list of required sta...ce nodes for the current kernel.
[   21.535901] systemd[1]: Started Journal Service.
[[0;32m  OK  [0m] Started Journal Service.
[[0;32m  OK  [0m] Started Nameserver information manager.
[[0;32m  OK  [0m] Started Set console keymap.
[[0;32m  OK  [0m] Started LVM2 metadata daemon.
         Starting Create Static Device Nodes in /dev...
         Mounting FUSE Control File System...
         Starting Apply Kernel Variables...
         Starting udev Coldplug all Devices...
         Starting Load/Save Random Seed...
         Starting Flush Journal to Persistent Storage...
[[0;32m  OK  [0m] Mounted FUSE Control File System.
[[0;32m  OK  [0m] Started Apply Kernel Variables.
[[0;32m  OK  [0m] Started Monitoring of LVM2 mirrors,...ng dmeventd or progress polling.
[[0;32m  OK  [0m] Started Create Static Device Nodes in /dev.
[[0;32m  OK  [0m] Started Load/Save Random Seed.
         Starting udev Kernel Device Manager...
[[0;32m  OK  [0m] Started Flush Journal to Persistent Storage.
[[0;32m  OK  [0m] Started udev Kernel Device Manager.
[[0;32m  OK  [0m] Reached target Local File Systems (Pre).
[[0;32m  OK  [0m] Reached target Local File Systems.
         Starting Tell Plymouth To Write Out Runtime Data...
         Starting Create Volatile Files and Directories...
         Starting LSB: AppArmor initialization...
         Starting Initial cloud-init job (pre-networking)...
         Starting Set console font and keymap...
[[0;32m  OK  [0m] Started Tell Plymouth To Write Out Runtime Data.
[[0;32m  OK  [0m] Started Create Volatile Files and Directories.
         Starting Update UTMP about System Boot/Shutdown...
[[0;32m  OK  [0m] Started Update UTMP about System Boot/Shutdown.
[[0;32m  OK  [0m] Started udev Coldplug all Devices.
[[0;32m  OK  [0m] Started Dispatch Password Requests to Console Directory Watch.
[[0;32m  OK  [0m] Found device /dev/ttyS0.
[[0;32m  OK  [0m] Started LSB: AppArmor initialization.
[[0;32m  OK  [0m] Started Set console font and keymap.
[[0;32m  OK  [0m] Listening on Load/Save RF Kill Switch Status /dev/rfkill Watch.
[[0;32m  OK  [0m] Created slice system-getty.slice.
[   35.216129] cloud-init[474]: Cloud-init v. 18.2 running 'init-local' at Fri, 01 Jun 2018 04:36:09 +0000. Up 30.21 seconds.
[[0;32m  OK  [0m] Found device 82540EM Gigabit Ethern...r (PRO/1000 MT Desktop Adapter).
[[0;32m  OK  [0m] Started Initial cloud-init job (pre-networking).
[[0;32m  OK  [0m] Reached target Network (Pre).
[[0;32m  OK  [0m] Started ifup for enp0s3.
         Starting Raise network interfaces...
[[0;32m  OK  [0m] Started Raise network interfaces.
[[0;32m  OK  [0m] Reached target Network.
         Starting Initial cloud-init job (metadata service crawler)...
[   48.877714] cloud-init[1004]: Cloud-init v. 18.2 running 'init' at Fri, 01 Jun 2018 04:36:23 +0000. Up 44.93 seconds.
[   49.010356] cloud-init[1004]: ci-info: +++++++++++++++++++++++++++++++++++++Net device info++++++++++++++++++++++++++++++++++++++
[   49.024723] cloud-init[1004]: ci-info: +--------+------+----------------------------+---------------+-------+-------------------+
[   49.043707] cloud-init[1004]: ci-info: | Device |  Up  |          Address           |      Mask     | Scope |     Hw-Address    |
[   49.066615] cloud-init[1004]: ci-info: +--------+------+----------------------------+---------------+-------+-------------------+
[   49.138731] cloud-init[1004]: ci-info: | enp0s3 | True |         10.0.2.15          | 255.255.255.0 |   .   | 02:f0:aa:2d:49:f4 |
[   49.182827] cloud-init[1004]: ci-info: | enp0s3 | True | fe80::f0:aaff:fe2d:49f4/64 |       .       |  link | 02:f0:aa:2d:49:f4 |
[   49.206453] cloud-init[1004]: ci-info: |   lo   | True |         127.0.0.1          |   255.0.0.0   |   .   |         .         |
[   49.226088] cloud-init[1004]: ci-info: |   lo   | True |          ::1/128           |       .       |  host |         .         |
[   49.246978] cloud-init[1004]: ci-info: +--------+------+----------------------------+---------------+-------+-------------------+
[   49.262630] cloud-init[1004]: ci-info: +++++++++++++++++++++++++++Route IPv4 info++++++++++++++++++++++++++++
[   49.299582] cloud-init[1004]: ci-info: +-------+-------------+----------+---------------+-----------+-------+
[   49.320782] cloud-init[1004]: ci-info: | Route | Destination | Gateway  |    Genmask    | Interface | Flags |
[   49.347910] cloud-init[1004]: ci-info: +-------+-------------+----------+---------------+-----------+-------+
[   49.381761] cloud-init[1004]: ci-info: |   0   |   0.0.0.0   | 10.0.2.2 |    0.0.0.0    |   enp0s3  |   UG  |
[   49.397439] cloud-init[1004]: ci-info: |   1   |   10.0.2.0  | 0.0.0.0  | 255.255.255.0 |   enp0s3  |   U   |
[   49.414695] cloud-init[1004]: ci-info: +-------+-------------+----------+---------------+-----------+-------+
[[0;32m  OK  [0m] Started Initial cloud-init job (metadata service crawler).
[[0;32m  OK  [0m] Reached target System Initialization.
[[0;32m  OK  [0m] Listening on ACPID Listen Socket.
         Starting Socket activation for snappy daemon.
[[0;32m  OK  [0m] Started Daily apt download activities.
[[0;32m  OK  [0m] Started ACPI Events Check.
[[0;32m  OK  [0m] Reached target Paths.
[[0;32m  OK  [0m] Listening on D-Bus System Message Bus Socket.
         Starting LXD - unix socket.
[[0;32m  OK  [0m] Started Daily apt upgrade and clean activities.
[[0;32m  OK  [0m] Listening on UUID daemon activation socket.
[[0;32m  OK  [0m] Started Daily Cleanup of Temporary Directories.
[[0;32m  OK  [0m] Reached target Timers.
[[0;32m  OK  [0m] Reached target Network is Online.
         Starting iSCSI initiator daemon (iscsid)...
[[0;32m  OK  [0m] Reached target Cloud-config availability.
[[0;32m  OK  [0m] Listening on Socket activation for snappy daemon.
[[0;32m  OK  [0m] Listening on LXD - unix socket.
[[0;32m  OK  [0m] Reached target Sockets.
[[0;32m  OK  [0m] Reached target Basic System.
         Starting Login Service...
         Starting LSB: Record successful boot for GRUB...
[[0;32m  OK  [0m] Started FUSE filesystem for LXC.
         Starting Snappy daemon...
         Starting Virtualbox guest utils...
[[0;32m  OK  [0m] Started ACPI event daemon.
[[0;32m  OK  [0m] Started D-Bus System Message Bus.
         Starting Accounts Service...
[[0;32m  OK  [0m] Started Unattended Upgrades Shutdown.
         Starting LXD - container startup/shutdown...
         Starting Apply the settings specified in cloud-config...
         Starting /etc/rc.local Compatibility...
[[0;32m  OK  [0m] Started Regular background program processing daemon.
[[0;32m  OK  [0m] Started Deferred execution scheduler.
         Starting PostgreSQL Cluster 9.5-main...
         Starting OpenBSD Secure Shell server...
         Starting LSB: MD monitoring daemon...
         Starting System Logging Service...
[[0;32m  OK  [0m] Started /etc/rc.local Compatibility.
[[0;32m  OK  [0m] Started iSCSI initiator daemon (iscsid).
[[0;32m  OK  [0m] Started System Logging Service.
[[0;32m  OK  [0m] Started Login Service.
         Starting Authenticate and Authorize Users to Run Privileged Tasks...
         Starting Login to default iSCSI targets...
[[0;32m  OK  [0m] Started OpenBSD Secure Shell server.
[[0;32m  OK  [0m] Started LSB: Record successful boot for GRUB.
[[0;32m  OK  [0m] Started Login to default iSCSI targets.
[[0;32m  OK  [0m] Reached target Remote File Systems (Pre).
[[0;32m  OK  [0m] Reached target Remote File Systems.
         Starting LSB: daemon to balance interrupts for SMP systems...
         Starting Permit User Sessions...
         Starting LSB: Set the CPU Frequency Scaling governor to "ondemand"...
         Starting LSB: Start/stop sysstat's sadc...
         Starting LSB: automatic crash report generation...
[[0;32m  OK  [0m] Started LSB: MD monitoring daemon.
[[0;32m  OK  [0m] Started Permit User Sessions.
[[0;32m  OK  [0m] Started LXD - container startup/shutdown.
[[0;32m  OK  [0m] Started Authenticate and Authorize Users to Run Privileged Tasks.
[[0;32m  OK  [0m] Started Accounts Service.
[[0;32m  OK  [0m] Started Snappy daemon.
         Starting Hold until boot process finishes up...
         Starting Terminate Plymouth Boot Screen...
[[0;32m  OK  [0m] Started Hold until boot process finishes up.
[[0;32m  OK  [0m] Started Getty on tty1.
         Starting Set console scheme...
[[0;32m  OK  [0m] Started Serial Getty on ttyS0.
[[0;32m  OK  [0m] Reached target Login Prompts.
[[0;32m  OK  [0m] Started Terminate Plymouth Boot Screen.
[[0;32m  OK  [0m] Started Set console scheme.
[[0;32m  OK  [0m] Started LSB: Start/stop sysstat's sadc.
[[0;32m  OK  [0m] Started LSB: daemon to balance interrupts for SMP systems.
[[0;32m  OK  [0m] Created slice User Slice of vagrant.
[[0;32m  OK  [0m] Started LSB: Set the CPU Frequency Scaling governor to "ondemand".
[[0;32m  OK  [0m] Started Session 1 of user vagrant.
         Starting User Manager for UID 1000...
[[0;32m  OK  [0m] Started Virtualbox guest utils.
[[0;32m  OK  [0m] Started User Manager for UID 1000.
[[0;32m  OK  [0m] Started LSB: automatic crash report generation.
[   63.840874] cloud-init[1092]: Cloud-init v. 18.2 running 'modules:config' at Fri, 01 Jun 2018 04:36:40 +0000. Up 61.75 seconds.

Ubuntu 16.04.4 LTS ubuntu-xenial ttyS0

ubuntu-xenial login: [   73.704783] cloud-init[1423]: Cloud-init v. 18.2 running 'modules:final' at Fri, 01 Jun 2018 04:36:51 +0000. Up 72.64 seconds.
[   73.710185] cloud-init[1423]: Cloud-init v. 18.2 finished at Fri, 01 Jun 2018 04:36:52 +0000. Datasource DataSourceNoCloud [seed=/dev/sdb][dsmode=net].  Up 73.66 seconds
[[0;32m  OK  [0m] Started ACPI event daemon.
         Stopping LSB: automatic crash report generation...
[[0;32m  OK  [0m] Stopped LSB: automatic crash report generation.
[[0;32m  OK  [0m] Started ACPI event daemon.
[[0;32m  OK  [0m] Started ACPI event daemon.
[[0;32m  OK  [0m] Started ACPI event daemon.
[[0;32m  OK  [0m] Started ACPI event daemon.
[[0;32m  OK  [0m] Started ACPI event daemon.
         Starting LSB: automatic crash report generation...
[[0;32m  OK  [0m] Started LSB: automatic crash report generation.
[[0;32m  OK  [0m] Started ACPI event daemon.
[[0;32m  OK  [0m] Started Daily apt upgrade and clean activities.
